<?xml version="1.0" encoding="UTF-8"?>
<!-- Generated by org.testng.reporters.JUnitXMLReporter -->
<testsuite hostname="DESKTOP-EUDMP2S" ignored="0" name="Default test" tests="8" failures="0" timestamp="09 Nov 2018 03:53:41 GMT" time="104.077" errors="0">
  <testcase name="loginpage" time="23.056" classname="tests.MainTest"/>
  <testcase name="NavigateToPO" time="2.68" classname="tests.MainTest"/>
  <testcase name="CreatePOheader" time="4.931" classname="tests.MainTest"/>
  <testcase name="CreatePOLines" time="10.145" classname="tests.MainTest"/>
  <testcase name="ConfirmPO" time="4.27" classname="tests.MainTest"/>
  <testcase name="RecieptPO" time="15.557" classname="tests.MainTest"/>
  <testcase name="InvoicePO" time="30.68" classname="tests.MainTest"/>
  <testcase name="PrintInvoice" time="8.689" classname="tests.MainTest"/>
</testsuite> <!-- Default test -->
