<?xml version="1.0" encoding="UTF-8"?>
<testng-results skipped="0" failed="0" ignored="0" total="1" passed="1">
  <reporter-output>
  </reporter-output>
  <suite name="Default suite" duration-ms="16" started-at="2018-08-23T03:21:11Z" finished-at="2018-08-23T03:21:11Z">
    <groups>
    </groups>
    <test name="Default test" duration-ms="16" started-at="2018-08-23T03:21:11Z" finished-at="2018-08-23T03:21:11Z">
      <class name="tng.NewTest">
        <test-method status="PASS" signature="beforeSuite()[pri:0, instance:tng.NewTest@86be70a]" name="beforeSuite" is-config="true" duration-ms="0" started-at="2018-08-23T03:21:11Z" finished-at="2018-08-23T03:21:11Z">
          <reporter-output>
          </reporter-output>
        </test-method> <!-- beforeSuite -->
        <test-method status="PASS" signature="beforeTest()[pri:0, instance:tng.NewTest@86be70a]" name="beforeTest" is-config="true" duration-ms="0" started-at="2018-08-23T03:21:11Z" finished-at="2018-08-23T03:21:11Z">
          <reporter-output>
          </reporter-output>
        </test-method> <!-- beforeTest -->
        <test-method status="PASS" signature="beforeClass()[pri:0, instance:tng.NewTest@86be70a]" name="beforeClass" is-config="true" duration-ms="0" started-at="2018-08-23T03:21:11Z" finished-at="2018-08-23T03:21:11Z">
          <reporter-output>
          </reporter-output>
        </test-method> <!-- beforeClass -->
        <test-method status="PASS" signature="f()[pri:0, instance:tng.NewTest@86be70a]" name="f" duration-ms="0" started-at="2018-08-23T03:21:11Z" finished-at="2018-08-23T03:21:11Z">
          <reporter-output>
          </reporter-output>
        </test-method> <!-- f -->
        <test-method status="PASS" signature="afterClass()[pri:0, instance:tng.NewTest@86be70a]" name="afterClass" is-config="true" duration-ms="0" started-at="2018-08-23T03:21:11Z" finished-at="2018-08-23T03:21:11Z">
          <reporter-output>
          </reporter-output>
        </test-method> <!-- afterClass -->
        <test-method status="PASS" signature="afterTest()[pri:0, instance:tng.NewTest@86be70a]" name="afterTest" is-config="true" duration-ms="0" started-at="2018-08-23T03:21:11Z" finished-at="2018-08-23T03:21:11Z">
          <reporter-output>
          </reporter-output>
        </test-method> <!-- afterTest -->
        <test-method status="PASS" signature="beforeMethod()[pri:0, instance:tng.NewTest@86be70a]" name="beforeMethod" is-config="true" duration-ms="0" started-at="2018-08-23T03:21:11Z" finished-at="2018-08-23T03:21:11Z">
          <reporter-output>
          </reporter-output>
        </test-method> <!-- beforeMethod -->
        <test-method status="PASS" signature="afterMethod()[pri:0, instance:tng.NewTest@86be70a]" name="afterMethod" is-config="true" duration-ms="0" started-at="2018-08-23T03:21:11Z" finished-at="2018-08-23T03:21:11Z">
          <reporter-output>
          </reporter-output>
        </test-method> <!-- afterMethod -->
        <test-method status="PASS" signature="afterSuite()[pri:0, instance:tng.NewTest@86be70a]" name="afterSuite" is-config="true" duration-ms="0" started-at="2018-08-23T03:21:11Z" finished-at="2018-08-23T03:21:11Z">
          <reporter-output>
          </reporter-output>
        </test-method> <!-- afterSuite -->
      </class> <!-- tng.NewTest -->
    </test> <!-- Default test -->
  </suite> <!-- Default suite -->
</testng-results>
